FILE_TYPE=LIBRARY_PARTS;
PRIMITIVE 'NX5032GA_16.000M_LN_CD_1','NX5032GA_16.000M_LN_CD_1_Other';
  PIN
    'X2':
      PIN_NUMBER='(2)';
      NO_LOAD_CHECK=BOTH;
      NO_IO_CHECK=BOTH;
      ALLOW_CONNECT=TRUE;
      PINUSE='UNSPEC';
    '':
      PIN_NUMBER='()';
      NO_LOAD_CHECK=BOTH;
      NO_IO_CHECK=BOTH;
      ALLOW_CONNECT=TRUE;
      PINUSE='UNSPEC';
  END_PIN;
  BODY
    PART_NAME='NX5032GA_16.000M_LN_CD_1';
    PHYS_DES_PREFIX='Y';
    NO_LOAD_CHECK='TRUE';
    PIN_COUNT='2';
    BODY_NAME='NX5032GA_16.000M_LN_CD_1';
    JEDEC_TYPE='NX5032GA16000000MHZLNCD1';
  END_BODY;
END_PRIMITIVE;
END.
